  AdventureManager.cpp
d:\visual studio projects\adventuregame\adventuregame\adventuremanager.cpp(4): warning C4067: unexpected tokens following preprocessor directive - expected a newline
d:\visual studio projects\adventuregame\adventuregame\adventuremanager.h(4): warning C4067: unexpected tokens following preprocessor directive - expected a newline
d:\visual studio projects\adventuregame\adventuregame\player.h(1): warning C4067: unexpected tokens following preprocessor directive - expected a newline
d:\visual studio projects\adventuregame\adventuregame\motiontableentry.h(4): warning C4067: unexpected tokens following preprocessor directive - expected a newline
d:\visual studio projects\adventuregame\adventuregame\player.h(2): warning C4067: unexpected tokens following preprocessor directive - expected a newline
d:\visual studio projects\adventuregame\adventuregame\player.h(3): warning C4067: unexpected tokens following preprocessor directive - expected a newline
d:\visual studio projects\adventuregame\adventuregame\key.h(3): warning C4067: unexpected tokens following preprocessor directive - expected a newline
d:\visual studio projects\adventuregame\adventuregame\adventuremanager.h(5): warning C4067: unexpected tokens following preprocessor directive - expected a newline
d:\visual studio projects\adventuregame\adventuregame\adventuremanager.cpp(278): warning C4018: '<': signed/unsigned mismatch
d:\visual studio projects\adventuregame\adventuregame\adventuremanager.cpp(377): warning C4018: '<': signed/unsigned mismatch
d:\visual studio projects\adventuregame\adventuregame\adventuremanager.cpp(404): warning C4018: '<': signed/unsigned mismatch
d:\visual studio projects\adventuregame\adventuregame\adventuremanager.cpp(406): warning C4018: '<': signed/unsigned mismatch
d:\visual studio projects\adventuregame\adventuregame\adventuremanager.cpp(609): warning C4068: unknown pragma
d:\visual studio projects\adventuregame\adventuregame\adventuremanager.cpp(83): warning C4715: 'AdventureManager::south': not all control paths return a value
d:\visual studio projects\adventuregame\adventuregame\adventuremanager.cpp(66): warning C4715: 'AdventureManager::north': not all control paths return a value
d:\visual studio projects\adventuregame\adventuregame\adventuremanager.cpp(100): warning C4715: 'AdventureManager::east': not all control paths return a value
d:\visual studio projects\adventuregame\adventuregame\adventuremanager.cpp(117): warning C4715: 'AdventureManager::west': not all control paths return a value
d:\visual studio projects\adventuregame\adventuregame\adventuremanager.cpp(456): warning C4715: 'AdventureManager::Room1': not all control paths return a value
d:\visual studio projects\adventuregame\adventuregame\adventuremanager.cpp(476): warning C4715: 'AdventureManager::Room2': not all control paths return a value
d:\visual studio projects\adventuregame\adventuregame\adventuremanager.cpp(494): warning C4715: 'AdventureManager::Room3': not all control paths return a value
d:\visual studio projects\adventuregame\adventuregame\adventuremanager.cpp(530): warning C4715: 'AdventureManager::Room5': not all control paths return a value
d:\visual studio projects\adventuregame\adventuregame\adventuremanager.cpp(512): warning C4715: 'AdventureManager::Room4': not all control paths return a value
d:\visual studio projects\adventuregame\adventuregame\adventuremanager.cpp(548): warning C4715: 'AdventureManager::readDesRoom1': not all control paths return a value
d:\visual studio projects\adventuregame\adventuregame\adventuremanager.cpp(566): warning C4715: 'AdventureManager::readDesRoom2': not all control paths return a value
d:\visual studio projects\adventuregame\adventuregame\adventuremanager.cpp(584): warning C4715: 'AdventureManager::readDesRoom3': not all control paths return a value
d:\visual studio projects\adventuregame\adventuregame\adventuremanager.cpp(602): warning C4715: 'AdventureManager::readDesRoom4': not all control paths return a value
  AdventureGame.vcxproj -> D:\Visual Studio projects\AdventureGame\Debug\AdventureGame.exe
